Compiling the CXX compiler identification source file "CMakeCXXCompilerId.cpp" failed.
Compiler:  
Build flags: 
Id flags:  

The output was:
1
Microsoft (R) Build Engine version 16.11.2+f32259642 for .NET Framework
Copyright (C) Microsoft Corporation. All rights reserved.

Build started 29/04/2023 12:00:12.
Project "C:\University\Study Abroad\Semester 2\Programming Techniques in the Mobile Platform\Final Projcet - PlayStation App\playstation_app_clone_2\build\windows\CMakeFiles\3.20.21032501-MSVC_2\CompilerIdCXX\CompilerIdCXX.vcxproj" on node 1 (default targets).
PrepareForBuild:
  Creating directory "Debug\".
  Creating directory "Debug\CompilerIdCXX.tlog\".
InitializeBuildStatus:
  Creating "Debug\CompilerIdCXX.tlog\unsuccessfulbuild" because "AlwaysCreate" was specified.
ClCompile:
  C:\Program Files (x86)\Microsoft Visual Studio\2019\BuildTools\VC\Tools\MSVC\14.29.30133\bin\HostX64\x64\CL.exe /c /nologo /W0 /WX- /diagnostics:column /Od /D _MBCS /Gm- /EHsc /RTC1 /MDd /GS /fp:precise /Zc:wchar_t /Zc:forScope /Zc:inline /Fo"Debug\\" /Fd"Debug\vc142.pdb" /external:W0 /Gd /TP /FC /errorReport:queue CMakeCXXCompilerId.cpp
  CMakeCXXCompilerId.cpp
C:\Program Files (x86)\Microsoft Visual Studio\2019\BuildTools\MSBuild\Microsoft\VC\v160\Microsoft.CppCommon.targets(687,5): error MSB6003: The specified task executable "CL.exe" could not be run. System.IO.DirectoryNotFoundException: Could not find a part of the path 'C:\University\Study Abroad\Semester 2\Programming Techniques in the Mobile Platform\Final Projcet - PlayStation App\playstation_app_clone_2\build\windows\CMakeFiles\3.20.21032501-MSVC_2\CompilerIdCXX\Debug\CompilerIdCXX.tlog'. [C:\University\Study Abroad\Semester 2\Programming Techniques in the Mobile Platform\Final Projcet - PlayStation App\playstation_app_clone_2\build\windows\CMakeFiles\3.20.21032501-MSVC_2\CompilerIdCXX\CompilerIdCXX.vcxproj]
C:\Program Files (x86)\Microsoft Visual Studio\2019\BuildTools\MSBuild\Microsoft\VC\v160\Microsoft.CppCommon.targets(687,5): error MSB6003:    at System.IO.__Error.WinIOError(Int32 errorCode, String maybeFullPath) [C:\University\Study Abroad\Semester 2\Programming Techniques in the Mobile Platform\Final Projcet - PlayStation App\playstation_app_clone_2\build\windows\CMakeFiles\3.20.21032501-MSVC_2\CompilerIdCXX\CompilerIdCXX.vcxproj]
C:\Program Files (x86)\Microsoft Visual Studio\2019\BuildTools\MSBuild\Microsoft\VC\v160\Microsoft.CppCommon.targets(687,5): error MSB6003:    at System.IO.FileSystemEnumerableIterator`1.CommonInit() [C:\University\Study Abroad\Semester 2\Programming Techniques in the Mobile Platform\Final Projcet - PlayStation App\playstation_app_clone_2\build\windows\CMakeFiles\3.20.21032501-MSVC_2\CompilerIdCXX\CompilerIdCXX.vcxproj]
C:\Program Files (x86)\Microsoft Visual Studio\2019\BuildTools\MSBuild\Microsoft\VC\v160\Microsoft.CppCommon.targets(687,5): error MSB6003:    at System.IO.FileSystemEnumerableIterator`1..ctor(String path, String originalUserPath, String searchPattern, SearchOption searchOption, SearchResultHandler`1 resultHandler, Boolean checkHost) [C:\University\Study Abroad\Semester 2\Programming Techniques in the Mobile Platform\Final Projcet - PlayStation App\playstation_app_clone_2\build\windows\CMakeFiles\3.20.21032501-MSVC_2\CompilerIdCXX\CompilerIdCXX.vcxproj]
C:\Program Files (x86)\Microsoft Visual Studio\2019\BuildTools\MSBuild\Microsoft\VC\v160\Microsoft.CppCommon.targets(687,5): error MSB6003:    at System.IO.Directory.GetFiles(String path, String searchPattern) [C:\University\Study Abroad\Semester 2\Programming Techniques in the Mobile Platform\Final Projcet - PlayStation App\playstation_app_clone_2\build\windows\CMakeFiles\3.20.21032501-MSVC_2\CompilerIdCXX\CompilerIdCXX.vcxproj]
C:\Program Files (x86)\Microsoft Visual Studio\2019\BuildTools\MSBuild\Microsoft\VC\v160\Microsoft.CppCommon.targets(687,5): error MSB6003:    at Microsoft.Build.Utilities.TrackedDependencies.ExpandWildcards(ITaskItem[] expand) [C:\University\Study Abroad\Semester 2\Programming Techniques in the Mobile Platform\Final Projcet - PlayStation App\playstation_app_clone_2\build\windows\CMakeFiles\3.20.21032501-MSVC_2\CompilerIdCXX\CompilerIdCXX.vcxproj]
C:\Program Files (x86)\Microsoft Visual Studio\2019\BuildTools\MSBuild\Microsoft\VC\v160\Microsoft.CppCommon.targets(687,5): error MSB6003:    at Microsoft.Build.Utilities.CanonicalTrackedOutputFiles.InternalConstruct(ITask ownerTask, ITaskItem[] tlogFiles, Boolean constructOutputsFromTLogs) [C:\University\Study Abroad\Semester 2\Programming Techniques in the Mobile Platform\Final Projcet - PlayStation App\playstation_app_clone_2\build\windows\CMakeFiles\3.20.21032501-MSVC_2\CompilerIdCXX\CompilerIdCXX.vcxproj]
C:\Program Files (x86)\Microsoft Visual Studio\2019\BuildTools\MSBuild\Microsoft\VC\v160\Microsoft.CppCommon.targets(687,5): error MSB6003:    at Microsoft.Build.Utilities.CanonicalTrackedOutputFiles..ctor(ITaskItem[] tlogFiles) [C:\University\Study Abroad\Semester 2\Programming Techniques in the Mobile Platform\Final Projcet - PlayStation App\playstation_app_clone_2\build\windows\CMakeFiles\3.20.21032501-MSVC_2\CompilerIdCXX\CompilerIdCXX.vcxproj]
C:\Program Files (x86)\Microsoft Visual Studio\2019\BuildTools\MSBuild\Microsoft\VC\v160\Microsoft.CppCommon.targets(687,5): error MSB6003:    at Microsoft.Build.CPPTasks.CL.PostExecuteTool(Int32 exitCode) [C:\University\Study Abroad\Semester 2\Programming Techniques in the Mobile Platform\Final Projcet - PlayStation App\playstation_app_clone_2\build\windows\CMakeFiles\3.20.21032501-MSVC_2\CompilerIdCXX\CompilerIdCXX.vcxproj]
C:\Program Files (x86)\Microsoft Visual Studio\2019\BuildTools\MSBuild\Microsoft\VC\v160\Microsoft.CppCommon.targets(687,5): error MSB6003:    at Microsoft.Build.CPPTasks.TrackedVCToolTask.ExecuteTool(String pathToTool, String responseFileCommands, String commandLineCommands) [C:\University\Study Abroad\Semester 2\Programming Techniques in the Mobile Platform\Final Projcet - PlayStation App\playstation_app_clone_2\build\windows\CMakeFiles\3.20.21032501-MSVC_2\CompilerIdCXX\CompilerIdCXX.vcxproj]
C:\Program Files (x86)\Microsoft Visual Studio\2019\BuildTools\MSBuild\Microsoft\VC\v160\Microsoft.CppCommon.targets(687,5): error MSB6003:    at Microsoft.Build.Utilities.ToolTask.Execute() [C:\University\Study Abroad\Semester 2\Programming Techniques in the Mobile Platform\Final Projcet - PlayStation App\playstation_app_clone_2\build\windows\CMakeFiles\3.20.21032501-MSVC_2\CompilerIdCXX\CompilerIdCXX.vcxproj]
Done Building Project "C:\University\Study Abroad\Semester 2\Programming Techniques in the Mobile Platform\Final Projcet - PlayStation App\playstation_app_clone_2\build\windows\CMakeFiles\3.20.21032501-MSVC_2\CompilerIdCXX\CompilerIdCXX.vcxproj" (default targets) -- FAILED.

Build FAILED.

"C:\University\Study Abroad\Semester 2\Programming Techniques in the Mobile Platform\Final Projcet - PlayStation App\playstation_app_clone_2\build\windows\CMakeFiles\3.20.21032501-MSVC_2\CompilerIdCXX\CompilerIdCXX.vcxproj" (default target) (1) ->
(ClCompile target) -> 
  C:\Program Files (x86)\Microsoft Visual Studio\2019\BuildTools\MSBuild\Microsoft\VC\v160\Microsoft.CppCommon.targets(687,5): error MSB6003: The specified task executable "CL.exe" could not be run. System.IO.DirectoryNotFoundException: Could not find a part of the path 'C:\University\Study Abroad\Semester 2\Programming Techniques in the Mobile Platform\Final Projcet - PlayStation App\playstation_app_clone_2\build\windows\CMakeFiles\3.20.21032501-MSVC_2\CompilerIdCXX\Debug\CompilerIdCXX.tlog'. [C:\University\Study Abroad\Semester 2\Programming Techniques in the Mobile Platform\Final Projcet - PlayStation App\playstation_app_clone_2\build\windows\CMakeFiles\3.20.21032501-MSVC_2\CompilerIdCXX\CompilerIdCXX.vcxproj]
C:\Program Files (x86)\Microsoft Visual Studio\2019\BuildTools\MSBuild\Microsoft\VC\v160\Microsoft.CppCommon.targets(687,5): error MSB6003:    at System.IO.__Error.WinIOError(Int32 errorCode, String maybeFullPath) [C:\University\Study Abroad\Semester 2\Programming Techniques in the Mobile Platform\Final Projcet - PlayStation App\playstation_app_clone_2\build\windows\CMakeFiles\3.20.21032501-MSVC_2\CompilerIdCXX\CompilerIdCXX.vcxproj]
C:\Program Files (x86)\Microsoft Visual Studio\2019\BuildTools\MSBuild\Microsoft\VC\v160\Microsoft.CppCommon.targets(687,5): error MSB6003:    at System.IO.FileSystemEnumerableIterator`1.CommonInit() [C:\University\Study Abroad\Semester 2\Programming Techniques in the Mobile Platform\Final Projcet - PlayStation App\playstation_app_clone_2\build\windows\CMakeFiles\3.20.21032501-MSVC_2\CompilerIdCXX\CompilerIdCXX.vcxproj]
C:\Program Files (x86)\Microsoft Visual Studio\2019\BuildTools\MSBuild\Microsoft\VC\v160\Microsoft.CppCommon.targets(687,5): error MSB6003:    at System.IO.FileSystemEnumerableIterator`1..ctor(String path, String originalUserPath, String searchPattern, SearchOption searchOption, SearchResultHandler`1 resultHandler, Boolean checkHost) [C:\University\Study Abroad\Semester 2\Programming Techniques in the Mobile Platform\Final Projcet - PlayStation App\playstation_app_clone_2\build\windows\CMakeFiles\3.20.21032501-MSVC_2\CompilerIdCXX\CompilerIdCXX.vcxproj]
C:\Program Files (x86)\Microsoft Visual Studio\2019\BuildTools\MSBuild\Microsoft\VC\v160\Microsoft.CppCommon.targets(687,5): error MSB6003:    at System.IO.Directory.GetFiles(String path, String searchPattern) [C:\University\Study Abroad\Semester 2\Programming Techniques in the Mobile Platform\Final Projcet - PlayStation App\playstation_app_clone_2\build\windows\CMakeFiles\3.20.21032501-MSVC_2\CompilerIdCXX\CompilerIdCXX.vcxproj]
C:\Program Files (x86)\Microsoft Visual Studio\2019\BuildTools\MSBuild\Microsoft\VC\v160\Microsoft.CppCommon.targets(687,5): error MSB6003:    at Microsoft.Build.Utilities.TrackedDependencies.ExpandWildcards(ITaskItem[] expand) [C:\University\Study Abroad\Semester 2\Programming Techniques in the Mobile Platform\Final Projcet - PlayStation App\playstation_app_clone_2\build\windows\CMakeFiles\3.20.21032501-MSVC_2\CompilerIdCXX\CompilerIdCXX.vcxproj]
C:\Program Files (x86)\Microsoft Visual Studio\2019\BuildTools\MSBuild\Microsoft\VC\v160\Microsoft.CppCommon.targets(687,5): error MSB6003:    at Microsoft.Build.Utilities.CanonicalTrackedOutputFiles.InternalConstruct(ITask ownerTask, ITaskItem[] tlogFiles, Boolean constructOutputsFromTLogs) [C:\University\Study Abroad\Semester 2\Programming Techniques in the Mobile Platform\Final Projcet - PlayStation App\playstation_app_clone_2\build\windows\CMakeFiles\3.20.21032501-MSVC_2\CompilerIdCXX\CompilerIdCXX.vcxproj]
C:\Program Files (x86)\Microsoft Visual Studio\2019\BuildTools\MSBuild\Microsoft\VC\v160\Microsoft.CppCommon.targets(687,5): error MSB6003:    at Microsoft.Build.Utilities.CanonicalTrackedOutputFiles..ctor(ITaskItem[] tlogFiles) [C:\University\Study Abroad\Semester 2\Programming Techniques in the Mobile Platform\Final Projcet - PlayStation App\playstation_app_clone_2\build\windows\CMakeFiles\3.20.21032501-MSVC_2\CompilerIdCXX\CompilerIdCXX.vcxproj]
C:\Program Files (x86)\Microsoft Visual Studio\2019\BuildTools\MSBuild\Microsoft\VC\v160\Microsoft.CppCommon.targets(687,5): error MSB6003:    at Microsoft.Build.CPPTasks.CL.PostExecuteTool(Int32 exitCode) [C:\University\Study Abroad\Semester 2\Programming Techniques in the Mobile Platform\Final Projcet - PlayStation App\playstation_app_clone_2\build\windows\CMakeFiles\3.20.21032501-MSVC_2\CompilerIdCXX\CompilerIdCXX.vcxproj]
C:\Program Files (x86)\Microsoft Visual Studio\2019\BuildTools\MSBuild\Microsoft\VC\v160\Microsoft.CppCommon.targets(687,5): error MSB6003:    at Microsoft.Build.CPPTasks.TrackedVCToolTask.ExecuteTool(String pathToTool, String responseFileCommands, String commandLineCommands) [C:\University\Study Abroad\Semester 2\Programming Techniques in the Mobile Platform\Final Projcet - PlayStation App\playstation_app_clone_2\build\windows\CMakeFiles\3.20.21032501-MSVC_2\CompilerIdCXX\CompilerIdCXX.vcxproj]
C:\Program Files (x86)\Microsoft Visual Studio\2019\BuildTools\MSBuild\Microsoft\VC\v160\Microsoft.CppCommon.targets(687,5): error MSB6003:    at Microsoft.Build.Utilities.ToolTask.Execute() [C:\University\Study Abroad\Semester 2\Programming Techniques in the Mobile Platform\Final Projcet - PlayStation App\playstation_app_clone_2\build\windows\CMakeFiles\3.20.21032501-MSVC_2\CompilerIdCXX\CompilerIdCXX.vcxproj]

    0 Warning(s)
    1 Error(s)

Time Elapsed 00:00:09.56


Compiling the CXX compiler identification source file "CMakeCXXCompilerId.cpp" failed.
Compiler:  
Build flags: 
Id flags:  

The output was:
1
Microsoft (R) Build Engine version 16.11.2+f32259642 for .NET Framework
Copyright (C) Microsoft Corporation. All rights reserved.

Build started 29/04/2023 12:00:24.
Project "C:\University\Study Abroad\Semester 2\Programming Techniques in the Mobile Platform\Final Projcet - PlayStation App\playstation_app_clone_2\build\windows\CMakeFiles\3.20.21032501-MSVC_2\CompilerIdCXX\CompilerIdCXX.vcxproj" on node 1 (default targets).
PrepareForBuild:
  Creating directory "Debug\".
  Creating directory "Debug\CompilerIdCXX.tlog\".
InitializeBuildStatus:
  Creating "Debug\CompilerIdCXX.tlog\unsuccessfulbuild" because "AlwaysCreate" was specified.
ClCompile:
  C:\Program Files (x86)\Microsoft Visual Studio\2019\BuildTools\VC\Tools\MSVC\14.29.30133\bin\HostX64\x64\CL.exe /c /nologo /W0 /WX- /diagnostics:column /Od /D _MBCS /Gm- /EHsc /RTC1 /MDd /GS /fp:precise /Zc:wchar_t /Zc:forScope /Zc:inline /Fo"Debug\\" /Fd"Debug\vc142.pdb" /external:W0 /Gd /TP /FC /errorReport:queue CMakeCXXCompilerId.cpp
  CMakeCXXCompilerId.cpp
C:\Program Files (x86)\Microsoft Visual Studio\2019\BuildTools\MSBuild\Microsoft\VC\v160\Microsoft.CppCommon.targets(687,5): error MSB6003: The specified task executable "CL.exe" could not be run. System.IO.DirectoryNotFoundException: Could not find a part of the path 'C:\University\Study Abroad\Semester 2\Programming Techniques in the Mobile Platform\Final Projcet - PlayStation App\playstation_app_clone_2\build\windows\CMakeFiles\3.20.21032501-MSVC_2\CompilerIdCXX\Debug\CompilerIdCXX.tlog'. [C:\University\Study Abroad\Semester 2\Programming Techniques in the Mobile Platform\Final Projcet - PlayStation App\playstation_app_clone_2\build\windows\CMakeFiles\3.20.21032501-MSVC_2\CompilerIdCXX\CompilerIdCXX.vcxproj]
C:\Program Files (x86)\Microsoft Visual Studio\2019\BuildTools\MSBuild\Microsoft\VC\v160\Microsoft.CppCommon.targets(687,5): error MSB6003:    at System.IO.__Error.WinIOError(Int32 errorCode, String maybeFullPath) [C:\University\Study Abroad\Semester 2\Programming Techniques in the Mobile Platform\Final Projcet - PlayStation App\playstation_app_clone_2\build\windows\CMakeFiles\3.20.21032501-MSVC_2\CompilerIdCXX\CompilerIdCXX.vcxproj]
C:\Program Files (x86)\Microsoft Visual Studio\2019\BuildTools\MSBuild\Microsoft\VC\v160\Microsoft.CppCommon.targets(687,5): error MSB6003:    at System.IO.FileSystemEnumerableIterator`1.CommonInit() [C:\University\Study Abroad\Semester 2\Programming Techniques in the Mobile Platform\Final Projcet - PlayStation App\playstation_app_clone_2\build\windows\CMakeFiles\3.20.21032501-MSVC_2\CompilerIdCXX\CompilerIdCXX.vcxproj]
C:\Program Files (x86)\Microsoft Visual Studio\2019\BuildTools\MSBuild\Microsoft\VC\v160\Microsoft.CppCommon.targets(687,5): error MSB6003:    at System.IO.FileSystemEnumerableIterator`1..ctor(String path, String originalUserPath, String searchPattern, SearchOption searchOption, SearchResultHandler`1 resultHandler, Boolean checkHost) [C:\University\Study Abroad\Semester 2\Programming Techniques in the Mobile Platform\Final Projcet - PlayStation App\playstation_app_clone_2\build\windows\CMakeFiles\3.20.21032501-MSVC_2\CompilerIdCXX\CompilerIdCXX.vcxproj]
C:\Program Files (x86)\Microsoft Visual Studio\2019\BuildTools\MSBuild\Microsoft\VC\v160\Microsoft.CppCommon.targets(687,5): error MSB6003:    at System.IO.Directory.GetFiles(String path, String searchPattern) [C:\University\Study Abroad\Semester 2\Programming Techniques in the Mobile Platform\Final Projcet - PlayStation App\playstation_app_clone_2\build\windows\CMakeFiles\3.20.21032501-MSVC_2\CompilerIdCXX\CompilerIdCXX.vcxproj]
C:\Program Files (x86)\Microsoft Visual Studio\2019\BuildTools\MSBuild\Microsoft\VC\v160\Microsoft.CppCommon.targets(687,5): error MSB6003:    at Microsoft.Build.Utilities.TrackedDependencies.ExpandWildcards(ITaskItem[] expand) [C:\University\Study Abroad\Semester 2\Programming Techniques in the Mobile Platform\Final Projcet - PlayStation App\playstation_app_clone_2\build\windows\CMakeFiles\3.20.21032501-MSVC_2\CompilerIdCXX\CompilerIdCXX.vcxproj]
C:\Program Files (x86)\Microsoft Visual Studio\2019\BuildTools\MSBuild\Microsoft\VC\v160\Microsoft.CppCommon.targets(687,5): error MSB6003:    at Microsoft.Build.Utilities.CanonicalTrackedOutputFiles.InternalConstruct(ITask ownerTask, ITaskItem[] tlogFiles, Boolean constructOutputsFromTLogs) [C:\University\Study Abroad\Semester 2\Programming Techniques in the Mobile Platform\Final Projcet - PlayStation App\playstation_app_clone_2\build\windows\CMakeFiles\3.20.21032501-MSVC_2\CompilerIdCXX\CompilerIdCXX.vcxproj]
C:\Program Files (x86)\Microsoft Visual Studio\2019\BuildTools\MSBuild\Microsoft\VC\v160\Microsoft.CppCommon.targets(687,5): error MSB6003:    at Microsoft.Build.Utilities.CanonicalTrackedOutputFiles..ctor(ITaskItem[] tlogFiles) [C:\University\Study Abroad\Semester 2\Programming Techniques in the Mobile Platform\Final Projcet - PlayStation App\playstation_app_clone_2\build\windows\CMakeFiles\3.20.21032501-MSVC_2\CompilerIdCXX\CompilerIdCXX.vcxproj]
C:\Program Files (x86)\Microsoft Visual Studio\2019\BuildTools\MSBuild\Microsoft\VC\v160\Microsoft.CppCommon.targets(687,5): error MSB6003:    at Microsoft.Build.CPPTasks.CL.PostExecuteTool(Int32 exitCode) [C:\University\Study Abroad\Semester 2\Programming Techniques in the Mobile Platform\Final Projcet - PlayStation App\playstation_app_clone_2\build\windows\CMakeFiles\3.20.21032501-MSVC_2\CompilerIdCXX\CompilerIdCXX.vcxproj]
C:\Program Files (x86)\Microsoft Visual Studio\2019\BuildTools\MSBuild\Microsoft\VC\v160\Microsoft.CppCommon.targets(687,5): error MSB6003:    at Microsoft.Build.CPPTasks.TrackedVCToolTask.ExecuteTool(String pathToTool, String responseFileCommands, String commandLineCommands) [C:\University\Study Abroad\Semester 2\Programming Techniques in the Mobile Platform\Final Projcet - PlayStation App\playstation_app_clone_2\build\windows\CMakeFiles\3.20.21032501-MSVC_2\CompilerIdCXX\CompilerIdCXX.vcxproj]
C:\Program Files (x86)\Microsoft Visual Studio\2019\BuildTools\MSBuild\Microsoft\VC\v160\Microsoft.CppCommon.targets(687,5): error MSB6003:    at Microsoft.Build.Utilities.ToolTask.Execute() [C:\University\Study Abroad\Semester 2\Programming Techniques in the Mobile Platform\Final Projcet - PlayStation App\playstation_app_clone_2\build\windows\CMakeFiles\3.20.21032501-MSVC_2\CompilerIdCXX\CompilerIdCXX.vcxproj]
Done Building Project "C:\University\Study Abroad\Semester 2\Programming Techniques in the Mobile Platform\Final Projcet - PlayStation App\playstation_app_clone_2\build\windows\CMakeFiles\3.20.21032501-MSVC_2\CompilerIdCXX\CompilerIdCXX.vcxproj" (default targets) -- FAILED.

Build FAILED.

"C:\University\Study Abroad\Semester 2\Programming Techniques in the Mobile Platform\Final Projcet - PlayStation App\playstation_app_clone_2\build\windows\CMakeFiles\3.20.21032501-MSVC_2\CompilerIdCXX\CompilerIdCXX.vcxproj" (default target) (1) ->
(ClCompile target) -> 
  C:\Program Files (x86)\Microsoft Visual Studio\2019\BuildTools\MSBuild\Microsoft\VC\v160\Microsoft.CppCommon.targets(687,5): error MSB6003: The specified task executable "CL.exe" could not be run. System.IO.DirectoryNotFoundException: Could not find a part of the path 'C:\University\Study Abroad\Semester 2\Programming Techniques in the Mobile Platform\Final Projcet - PlayStation App\playstation_app_clone_2\build\windows\CMakeFiles\3.20.21032501-MSVC_2\CompilerIdCXX\Debug\CompilerIdCXX.tlog'. [C:\University\Study Abroad\Semester 2\Programming Techniques in the Mobile Platform\Final Projcet - PlayStation App\playstation_app_clone_2\build\windows\CMakeFiles\3.20.21032501-MSVC_2\CompilerIdCXX\CompilerIdCXX.vcxproj]
C:\Program Files (x86)\Microsoft Visual Studio\2019\BuildTools\MSBuild\Microsoft\VC\v160\Microsoft.CppCommon.targets(687,5): error MSB6003:    at System.IO.__Error.WinIOError(Int32 errorCode, String maybeFullPath) [C:\University\Study Abroad\Semester 2\Programming Techniques in the Mobile Platform\Final Projcet - PlayStation App\playstation_app_clone_2\build\windows\CMakeFiles\3.20.21032501-MSVC_2\CompilerIdCXX\CompilerIdCXX.vcxproj]
C:\Program Files (x86)\Microsoft Visual Studio\2019\BuildTools\MSBuild\Microsoft\VC\v160\Microsoft.CppCommon.targets(687,5): error MSB6003:    at System.IO.FileSystemEnumerableIterator`1.CommonInit() [C:\University\Study Abroad\Semester 2\Programming Techniques in the Mobile Platform\Final Projcet - PlayStation App\playstation_app_clone_2\build\windows\CMakeFiles\3.20.21032501-MSVC_2\CompilerIdCXX\CompilerIdCXX.vcxproj]
C:\Program Files (x86)\Microsoft Visual Studio\2019\BuildTools\MSBuild\Microsoft\VC\v160\Microsoft.CppCommon.targets(687,5): error MSB6003:    at System.IO.FileSystemEnumerableIterator`1..ctor(String path, String originalUserPath, String searchPattern, SearchOption searchOption, SearchResultHandler`1 resultHandler, Boolean checkHost) [C:\University\Study Abroad\Semester 2\Programming Techniques in the Mobile Platform\Final Projcet - PlayStation App\playstation_app_clone_2\build\windows\CMakeFiles\3.20.21032501-MSVC_2\CompilerIdCXX\CompilerIdCXX.vcxproj]
C:\Program Files (x86)\Microsoft Visual Studio\2019\BuildTools\MSBuild\Microsoft\VC\v160\Microsoft.CppCommon.targets(687,5): error MSB6003:    at System.IO.Directory.GetFiles(String path, String searchPattern) [C:\University\Study Abroad\Semester 2\Programming Techniques in the Mobile Platform\Final Projcet - PlayStation App\playstation_app_clone_2\build\windows\CMakeFiles\3.20.21032501-MSVC_2\CompilerIdCXX\CompilerIdCXX.vcxproj]
C:\Program Files (x86)\Microsoft Visual Studio\2019\BuildTools\MSBuild\Microsoft\VC\v160\Microsoft.CppCommon.targets(687,5): error MSB6003:    at Microsoft.Build.Utilities.TrackedDependencies.ExpandWildcards(ITaskItem[] expand) [C:\University\Study Abroad\Semester 2\Programming Techniques in the Mobile Platform\Final Projcet - PlayStation App\playstation_app_clone_2\build\windows\CMakeFiles\3.20.21032501-MSVC_2\CompilerIdCXX\CompilerIdCXX.vcxproj]
C:\Program Files (x86)\Microsoft Visual Studio\2019\BuildTools\MSBuild\Microsoft\VC\v160\Microsoft.CppCommon.targets(687,5): error MSB6003:    at Microsoft.Build.Utilities.CanonicalTrackedOutputFiles.InternalConstruct(ITask ownerTask, ITaskItem[] tlogFiles, Boolean constructOutputsFromTLogs) [C:\University\Study Abroad\Semester 2\Programming Techniques in the Mobile Platform\Final Projcet - PlayStation App\playstation_app_clone_2\build\windows\CMakeFiles\3.20.21032501-MSVC_2\CompilerIdCXX\CompilerIdCXX.vcxproj]
C:\Program Files (x86)\Microsoft Visual Studio\2019\BuildTools\MSBuild\Microsoft\VC\v160\Microsoft.CppCommon.targets(687,5): error MSB6003:    at Microsoft.Build.Utilities.CanonicalTrackedOutputFiles..ctor(ITaskItem[] tlogFiles) [C:\University\Study Abroad\Semester 2\Programming Techniques in the Mobile Platform\Final Projcet - PlayStation App\playstation_app_clone_2\build\windows\CMakeFiles\3.20.21032501-MSVC_2\CompilerIdCXX\CompilerIdCXX.vcxproj]
C:\Program Files (x86)\Microsoft Visual Studio\2019\BuildTools\MSBuild\Microsoft\VC\v160\Microsoft.CppCommon.targets(687,5): error MSB6003:    at Microsoft.Build.CPPTasks.CL.PostExecuteTool(Int32 exitCode) [C:\University\Study Abroad\Semester 2\Programming Techniques in the Mobile Platform\Final Projcet - PlayStation App\playstation_app_clone_2\build\windows\CMakeFiles\3.20.21032501-MSVC_2\CompilerIdCXX\CompilerIdCXX.vcxproj]
C:\Program Files (x86)\Microsoft Visual Studio\2019\BuildTools\MSBuild\Microsoft\VC\v160\Microsoft.CppCommon.targets(687,5): error MSB6003:    at Microsoft.Build.CPPTasks.TrackedVCToolTask.ExecuteTool(String pathToTool, String responseFileCommands, String commandLineCommands) [C:\University\Study Abroad\Semester 2\Programming Techniques in the Mobile Platform\Final Projcet - PlayStation App\playstation_app_clone_2\build\windows\CMakeFiles\3.20.21032501-MSVC_2\CompilerIdCXX\CompilerIdCXX.vcxproj]
C:\Program Files (x86)\Microsoft Visual Studio\2019\BuildTools\MSBuild\Microsoft\VC\v160\Microsoft.CppCommon.targets(687,5): error MSB6003:    at Microsoft.Build.Utilities.ToolTask.Execute() [C:\University\Study Abroad\Semester 2\Programming Techniques in the Mobile Platform\Final Projcet - PlayStation App\playstation_app_clone_2\build\windows\CMakeFiles\3.20.21032501-MSVC_2\CompilerIdCXX\CompilerIdCXX.vcxproj]

    0 Warning(s)
    1 Error(s)

Time Elapsed 00:00:09.63


